  compilation object save succeeded; see D:\MyProject\DirectPro\DX11\C3DAct115_Effekseer\x64\Release\DisplaceSkinShadowMap_DS.cso
  compilation object save succeeded; see D:\MyProject\DirectPro\DX11\C3DAct115_Effekseer\x64\Release\DisplaceSkinShadowMap_DSDepth.cso
  compilation object save succeeded; see D:\MyProject\DirectPro\DX11\C3DAct115_Effekseer\x64\Release\DisplaceSkinShadowMap_HS.cso
  compilation object save succeeded; see D:\MyProject\DirectPro\DX11\C3DAct115_Effekseer\x64\Release\DisplaceSkinShadowMap_PS.cso
  compilation object save succeeded; see D:\MyProject\DirectPro\DX11\C3DAct115_Effekseer\x64\Release\DisplaceSkinShadowMap_PSDepth.cso
  compilation object save succeeded; see D:\MyProject\DirectPro\DX11\C3DAct115_Effekseer\x64\Release\DisplaceSkinShadowMap_VS.cso
  compilation object save succeeded; see D:\MyProject\DirectPro\DX11\C3DAct115_Effekseer\x64\Release\DisplaceStaticShadowMap_DS.cso
  compilation object save succeeded; see D:\MyProject\DirectPro\DX11\C3DAct115_Effekseer\x64\Release\DisplaceStaticShadowMap_DSDepth.cso
  compilation object save succeeded; see D:\MyProject\DirectPro\DX11\C3DAct115_Effekseer\x64\Release\DisplaceStaticShadowMap_HS.cso
  compilation object save succeeded; see D:\MyProject\DirectPro\DX11\C3DAct115_Effekseer\x64\Release\DisplaceStaticShadowMap_PS.cso
  compilation object save succeeded; see D:\MyProject\DirectPro\DX11\C3DAct115_Effekseer\x64\Release\DisplaceStaticShadowMap_PSDepth.cso
  compilation object save succeeded; see D:\MyProject\DirectPro\DX11\C3DAct115_Effekseer\x64\Release\DisplaceStaticShadowMap_VS.cso
  compilation object save succeeded; see D:\MyProject\DirectPro\DX11\C3DAct115_Effekseer\x64\Release\DisplaceWave_DS.cso
  compilation object save succeeded; see D:\MyProject\DirectPro\DX11\C3DAct115_Effekseer\x64\Release\DisplaceWave_HS.cso
  compilation object save succeeded; see D:\MyProject\DirectPro\DX11\C3DAct115_Effekseer\x64\Release\DisplaceWave_PS.cso
  compilation object save succeeded; see D:\MyProject\DirectPro\DX11\C3DAct115_Effekseer\x64\Release\DisplaceWave_VS.cso
  compilation object save succeeded; see D:\MyProject\DirectPro\DX11\C3DAct115_Effekseer\x64\Release\Effect3D_GS_POINT.cso
  compilation object save succeeded; see D:\MyProject\DirectPro\DX11\C3DAct115_Effekseer\x64\Release\Effect3D_PS.cso
  compilation object save succeeded; see D:\MyProject\DirectPro\DX11\C3DAct115_Effekseer\x64\Release\Effect3D_VS_BILL.cso
  compilation object save succeeded; see D:\MyProject\DirectPro\DX11\C3DAct115_Effekseer\x64\Release\Effect3D_VS_BILLMESH.cso
  compilation object save succeeded; see D:\MyProject\DirectPro\DX11\C3DAct115_Effekseer\x64\Release\Effect3D_VS_POINT.cso
  compilation object save succeeded; see D:\MyProject\DirectPro\DX11\C3DAct115_Effekseer\x64\Release\FbxSkinShadowMap_PS.cso
  compilation object save succeeded; see D:\MyProject\DirectPro\DX11\C3DAct115_Effekseer\x64\Release\FbxSkinShadowMap_PSDepth.cso
  compilation object save succeeded; see D:\MyProject\DirectPro\DX11\C3DAct115_Effekseer\x64\Release\FbxSkinShadowMap_VS.cso
  compilation object save succeeded; see D:\MyProject\DirectPro\DX11\C3DAct115_Effekseer\x64\Release\FbxSkinShadowMap_VSDepth.cso
  compilation object save succeeded; see D:\MyProject\DirectPro\DX11\C3DAct115_Effekseer\x64\Release\FbxStaticShadowMap_PS.cso
  compilation object save succeeded; see D:\MyProject\DirectPro\DX11\C3DAct115_Effekseer\x64\Release\FbxStaticShadowMap_PSDepth.cso
  compilation object save succeeded; see D:\MyProject\DirectPro\DX11\C3DAct115_Effekseer\x64\Release\FbxStaticShadowMap_VS.cso
  compilation object save succeeded; see D:\MyProject\DirectPro\DX11\C3DAct115_Effekseer\x64\Release\FbxStaticShadowMap_VSDepth.cso
  compilation object save succeeded; see D:\MyProject\DirectPro\DX11\C3DAct115_Effekseer\x64\Release\FluidRender_PS.cso
  compilation object save succeeded; see D:\MyProject\DirectPro\DX11\C3DAct115_Effekseer\x64\Release\FluidRender_VS.cso
  compilation object save succeeded; see D:\MyProject\DirectPro\DX11\C3DAct115_Effekseer\x64\Release\FluidSolver_AddSource.cso
  compilation object save succeeded; see D:\MyProject\DirectPro\DX11\C3DAct115_Effekseer\x64\Release\FluidSolver_AdvectBack.cso
  compilation object save succeeded; see D:\MyProject\DirectPro\DX11\C3DAct115_Effekseer\x64\Release\FluidSolver_AdvectDensity.cso
  compilation object save succeeded; see D:\MyProject\DirectPro\DX11\C3DAct115_Effekseer\x64\Release\FluidSolver_AdvectVelocity.cso
  compilation object save succeeded; see D:\MyProject\DirectPro\DX11\C3DAct115_Effekseer\x64\Release\FluidSolver_Boundary1.cso
  compilation object save succeeded; see D:\MyProject\DirectPro\DX11\C3DAct115_Effekseer\x64\Release\FluidSolver_MacCormack.cso
  compilation object save succeeded; see D:\MyProject\DirectPro\DX11\C3DAct115_Effekseer\x64\Release\FluidSolver_Project1.cso
  compilation object save succeeded; see D:\MyProject\DirectPro\DX11\C3DAct115_Effekseer\x64\Release\FluidSolver_Project2.cso
  compilation object save succeeded; see D:\MyProject\DirectPro\DX11\C3DAct115_Effekseer\x64\Release\FluidSolver_Project3.cso
  compilation object save succeeded; see D:\MyProject\DirectPro\DX11\C3DAct115_Effekseer\x64\Release\FluidTexture_PS.cso
  compilation object save succeeded; see D:\MyProject\DirectPro\DX11\C3DAct115_Effekseer\x64\Release\FluidTexture_VS.cso
  compilation object save succeeded; see D:\MyProject\DirectPro\DX11\C3DAct115_Effekseer\x64\Release\HDR_PS.cso
  compilation object save succeeded; see D:\MyProject\DirectPro\DX11\C3DAct115_Effekseer\x64\Release\HDR_PS_BLOOM.cso
  compilation object save succeeded; see D:\MyProject\DirectPro\DX11\C3DAct115_Effekseer\x64\Release\HDR_PS_BRIGHT.cso
  compilation object save succeeded; see D:\MyProject\DirectPro\DX11\C3DAct115_Effekseer\x64\Release\HDR_VS.cso
  compilation object save succeeded; see D:\MyProject\DirectPro\DX11\C3DAct115_Effekseer\x64\Release\Simple_PS.cso
  compilation object save succeeded; see D:\MyProject\DirectPro\DX11\C3DAct115_Effekseer\x64\Release\Simple_VS.cso
  compilation object save succeeded; see D:\MyProject\DirectPro\DX11\C3DAct115_Effekseer\x64\Release\Sprite3D_PS.cso
  compilation object save succeeded; see D:\MyProject\DirectPro\DX11\C3DAct115_Effekseer\x64\Release\Sprite3D_VS.cso
  compilation object save succeeded; see D:\MyProject\DirectPro\DX11\C3DAct115_Effekseer\x64\Release\Sprite3D_VS_BILL.cso
  imgui.cpp
  imgui_demo.cpp
  imgui_draw.cpp
  imgui_impl_dx11.cpp
  imgui_impl_win32.cpp
  imgui_widgets.cpp
  Animator.cpp
  AudioManager.cpp
  BBox.cpp
  Camera.cpp
  ChangeMapDraw.cpp
  ChangeMapScene.cpp
  ClearDraw.cpp
  Collision.cpp
  CsvReader.cpp
  DataCarrier.cpp
  DisplayInfo.cpp
  DXEffekseer.cpp
  DXEffekseerManager.cpp
  EffectBase.cpp
  コンパイル中...
  EffectBillfire.cpp
  EffectManager.cpp
  EffectBillboard.cpp
  EffectParticle.cpp
  DXEffekseerBase.cpp
  EnemyBase.cpp
  EnemyGolem.cpp
  EnemyLava.cpp
  EnemyManager.cpp
  DInput.cpp
  Direct3D.cpp
  Displace.cpp
  EnemyRS.cpp
  FbxMesh.cpp
  Fluid.cpp
  FluidManager.cpp
  GameMain.cpp
  HDRManager.cpp
  HDRControl.cpp
  ItemBase.cpp
  コンパイル中...
  ItemEffect.cpp
  ItemManager.cpp
  ItemChangeMap.cpp
  MapFluid.cpp
  MapMove.cpp
  MapSky.cpp
  MapStage.cpp
  Main.cpp
  MainControl.cpp
  MapBase.cpp
  MapManager.cpp
  MapTree.cpp
  MapWave.cpp
  MeshCollider.cpp
  MyImgui.cpp
  MyMath.cpp
  Object3D.CPP
  ObjectManager.cpp
  OverDraw.cpp
  OverScene.cpp
  コンパイル中...
  Player.cpp
  PlayScene.cpp
  ResourceManager.cpp
  ClearScene.cpp
  ResultScore.cpp
  DXEffekseerEffect.cpp
  SceneBase.cpp
  SceneFactory.cpp
  SceneManager.cpp
  Shader.cpp
  ShadowControl.cpp
  Sprite3D.cpp
  TextReader.cpp
  TitleDraw.cpp
  TitleScene.cpp
  WeaponBase.cpp
  WeaponFireBall.cpp
  WeaponFireBall2.cpp
  WeaponFlamethrower.cpp
  WeaponGun.cpp
  コンパイル中...
  WeaponLaser.cpp
  WeaponBullet.cpp
  WeaponSword.cpp
  WeaponManager.cpp
  XAudio.cpp
  コード生成しています。
  Previous IPDB not found, fall back to full compilation.
  All 3994 functions were compiled because no usable IPDB/IOBJ from previous compilation was found.
  コード生成が終了しました。
  C3DAct115.vcxproj -> D:\MyProject\DirectPro\DX11\C3DAct115_Effekseer\x64\Release\C3DAct115.exe
