d:\myproject\directpro\dx11\c3dact115_effekseer_x\c3dact115\x64\release\vc143.pdb
d:\myproject\directpro\dx11\c3dact115_effekseer_x\c3dact115\x64\release\effectbase.obj
d:\myproject\directpro\dx11\c3dact115_effekseer_x\c3dact115\x64\release\dxeffekseermanager.obj
d:\myproject\directpro\dx11\c3dact115_effekseer_x\c3dact115\x64\release\dxeffekseer.obj
d:\myproject\directpro\dx11\c3dact115_effekseer_x\c3dact115\x64\release\displayinfo.obj
d:\myproject\directpro\dx11\c3dact115_effekseer_x\c3dact115\x64\release\datacarrier.obj
d:\myproject\directpro\dx11\c3dact115_effekseer_x\c3dact115\x64\release\csvreader.obj
d:\myproject\directpro\dx11\c3dact115_effekseer_x\c3dact115\x64\release\collision.obj
d:\myproject\directpro\dx11\c3dact115_effekseer_x\c3dact115\x64\release\cleardraw.obj
d:\myproject\directpro\dx11\c3dact115_effekseer_x\c3dact115\x64\release\changemapscene.obj
d:\myproject\directpro\dx11\c3dact115_effekseer_x\c3dact115\x64\release\changemapdraw.obj
d:\myproject\directpro\dx11\c3dact115_effekseer_x\c3dact115\x64\release\camera.obj
d:\myproject\directpro\dx11\c3dact115_effekseer_x\c3dact115\x64\release\bbox.obj
d:\myproject\directpro\dx11\c3dact115_effekseer_x\c3dact115\x64\release\audiomanager.obj
d:\myproject\directpro\dx11\c3dact115_effekseer_x\c3dact115\x64\release\animator.obj
d:\myproject\directpro\dx11\c3dact115_effekseer_x\c3dact115\x64\release\imgui_widgets.obj
d:\myproject\directpro\dx11\c3dact115_effekseer_x\c3dact115\x64\release\imgui_impl_win32.obj
d:\myproject\directpro\dx11\c3dact115_effekseer_x\c3dact115\x64\release\imgui_impl_dx11.obj
d:\myproject\directpro\dx11\c3dact115_effekseer_x\c3dact115\x64\release\imgui_draw.obj
d:\myproject\directpro\dx11\c3dact115_effekseer_x\c3dact115\x64\release\imgui_demo.obj
d:\myproject\directpro\dx11\c3dact115_effekseer_x\c3dact115\x64\release\imgui.obj
d:\myproject\directpro\dx11\c3dact115_effekseer_x\c3dact115\x64\release\itembase.obj
d:\myproject\directpro\dx11\c3dact115_effekseer_x\c3dact115\x64\release\hdrcontrol.obj
d:\myproject\directpro\dx11\c3dact115_effekseer_x\c3dact115\x64\release\hdrmanager.obj
d:\myproject\directpro\dx11\c3dact115_effekseer_x\c3dact115\x64\release\gamemain.obj
d:\myproject\directpro\dx11\c3dact115_effekseer_x\c3dact115\x64\release\fluidmanager.obj
d:\myproject\directpro\dx11\c3dact115_effekseer_x\c3dact115\x64\release\fluid.obj
d:\myproject\directpro\dx11\c3dact115_effekseer_x\c3dact115\x64\release\fbxmesh.obj
d:\myproject\directpro\dx11\c3dact115_effekseer_x\c3dact115\x64\release\enemyrs.obj
d:\myproject\directpro\dx11\c3dact115_effekseer_x\c3dact115\x64\release\displace.obj
d:\myproject\directpro\dx11\c3dact115_effekseer_x\c3dact115\x64\release\direct3d.obj
d:\myproject\directpro\dx11\c3dact115_effekseer_x\c3dact115\x64\release\dinput.obj
d:\myproject\directpro\dx11\c3dact115_effekseer_x\c3dact115\x64\release\enemymanager.obj
d:\myproject\directpro\dx11\c3dact115_effekseer_x\c3dact115\x64\release\enemylava.obj
d:\myproject\directpro\dx11\c3dact115_effekseer_x\c3dact115\x64\release\enemygolem.obj
d:\myproject\directpro\dx11\c3dact115_effekseer_x\c3dact115\x64\release\enemybase.obj
d:\myproject\directpro\dx11\c3dact115_effekseer_x\c3dact115\x64\release\dxeffekseerbase.obj
d:\myproject\directpro\dx11\c3dact115_effekseer_x\c3dact115\x64\release\effectparticle.obj
d:\myproject\directpro\dx11\c3dact115_effekseer_x\c3dact115\x64\release\effectbillboard.obj
d:\myproject\directpro\dx11\c3dact115_effekseer_x\c3dact115\x64\release\effectmanager.obj
d:\myproject\directpro\dx11\c3dact115_effekseer_x\c3dact115\x64\release\effectbillfire.obj
d:\myproject\directpro\dx11\c3dact115_effekseer_x\c3dact115\x64\release\overscene.obj
d:\myproject\directpro\dx11\c3dact115_effekseer_x\c3dact115\x64\release\overdraw.obj
d:\myproject\directpro\dx11\c3dact115_effekseer_x\c3dact115\x64\release\objectmanager.obj
d:\myproject\directpro\dx11\c3dact115_effekseer_x\c3dact115\x64\release\object3d.obj
d:\myproject\directpro\dx11\c3dact115_effekseer_x\c3dact115\x64\release\mymath.obj
d:\myproject\directpro\dx11\c3dact115_effekseer_x\c3dact115\x64\release\myimgui.obj
d:\myproject\directpro\dx11\c3dact115_effekseer_x\c3dact115\x64\release\meshcollider.obj
d:\myproject\directpro\dx11\c3dact115_effekseer_x\c3dact115\x64\release\mapwave.obj
d:\myproject\directpro\dx11\c3dact115_effekseer_x\c3dact115\x64\release\maptree.obj
d:\myproject\directpro\dx11\c3dact115_effekseer_x\c3dact115\x64\release\mapmanager.obj
d:\myproject\directpro\dx11\c3dact115_effekseer_x\c3dact115\x64\release\mapbase.obj
d:\myproject\directpro\dx11\c3dact115_effekseer_x\c3dact115\x64\release\maincontrol.obj
d:\myproject\directpro\dx11\c3dact115_effekseer_x\c3dact115\x64\release\main.obj
d:\myproject\directpro\dx11\c3dact115_effekseer_x\c3dact115\x64\release\mapstage.obj
d:\myproject\directpro\dx11\c3dact115_effekseer_x\c3dact115\x64\release\mapsky.obj
d:\myproject\directpro\dx11\c3dact115_effekseer_x\c3dact115\x64\release\mapmove.obj
d:\myproject\directpro\dx11\c3dact115_effekseer_x\c3dact115\x64\release\mapfluid.obj
d:\myproject\directpro\dx11\c3dact115_effekseer_x\c3dact115\x64\release\itemchangemap.obj
d:\myproject\directpro\dx11\c3dact115_effekseer_x\c3dact115\x64\release\itemmanager.obj
d:\myproject\directpro\dx11\c3dact115_effekseer_x\c3dact115\x64\release\itemeffect.obj
d:\myproject\directpro\dx11\c3dact115_effekseer_x\c3dact115\x64\release\weapongun.obj
d:\myproject\directpro\dx11\c3dact115_effekseer_x\c3dact115\x64\release\weaponflamethrower.obj
d:\myproject\directpro\dx11\c3dact115_effekseer_x\c3dact115\x64\release\weaponfireball2.obj
d:\myproject\directpro\dx11\c3dact115_effekseer_x\c3dact115\x64\release\weaponfireball.obj
d:\myproject\directpro\dx11\c3dact115_effekseer_x\c3dact115\x64\release\weaponbase.obj
d:\myproject\directpro\dx11\c3dact115_effekseer_x\c3dact115\x64\release\titlescene.obj
d:\myproject\directpro\dx11\c3dact115_effekseer_x\c3dact115\x64\release\titledraw.obj
d:\myproject\directpro\dx11\c3dact115_effekseer_x\c3dact115\x64\release\textreader.obj
d:\myproject\directpro\dx11\c3dact115_effekseer_x\c3dact115\x64\release\sprite3d.obj
d:\myproject\directpro\dx11\c3dact115_effekseer_x\c3dact115\x64\release\shadowcontrol.obj
d:\myproject\directpro\dx11\c3dact115_effekseer_x\c3dact115\x64\release\shader.obj
d:\myproject\directpro\dx11\c3dact115_effekseer_x\c3dact115\x64\release\scenemanager.obj
d:\myproject\directpro\dx11\c3dact115_effekseer_x\c3dact115\x64\release\scenefactory.obj
d:\myproject\directpro\dx11\c3dact115_effekseer_x\c3dact115\x64\release\scenebase.obj
d:\myproject\directpro\dx11\c3dact115_effekseer_x\c3dact115\x64\release\dxeffekseereffect.obj
d:\myproject\directpro\dx11\c3dact115_effekseer_x\c3dact115\x64\release\resultscore.obj
d:\myproject\directpro\dx11\c3dact115_effekseer_x\c3dact115\x64\release\clearscene.obj
d:\myproject\directpro\dx11\c3dact115_effekseer_x\c3dact115\x64\release\resourcemanager.obj
d:\myproject\directpro\dx11\c3dact115_effekseer_x\c3dact115\x64\release\playscene.obj
d:\myproject\directpro\dx11\c3dact115_effekseer_x\c3dact115\x64\release\player.obj
d:\myproject\directpro\dx11\c3dact115_effekseer_x\c3dact115\x64\release\xaudio.obj
d:\myproject\directpro\dx11\c3dact115_effekseer_x\c3dact115\x64\release\weaponmanager.obj
d:\myproject\directpro\dx11\c3dact115_effekseer_x\c3dact115\x64\release\weaponsword.obj
d:\myproject\directpro\dx11\c3dact115_effekseer_x\c3dact115\x64\release\weaponbullet.obj
d:\myproject\directpro\dx11\c3dact115_effekseer_x\c3dact115\x64\release\weaponlaser.obj
d:\myproject\directpro\dx11\c3dact115_effekseer_x\x64\release\displaceskinshadowmap_ds.cso
d:\myproject\directpro\dx11\c3dact115_effekseer_x\x64\release\displaceskinshadowmap_dsdepth.cso
d:\myproject\directpro\dx11\c3dact115_effekseer_x\x64\release\displaceskinshadowmap_hs.cso
d:\myproject\directpro\dx11\c3dact115_effekseer_x\x64\release\displaceskinshadowmap_ps.cso
d:\myproject\directpro\dx11\c3dact115_effekseer_x\x64\release\displaceskinshadowmap_psdepth.cso
d:\myproject\directpro\dx11\c3dact115_effekseer_x\x64\release\displaceskinshadowmap_vs.cso
d:\myproject\directpro\dx11\c3dact115_effekseer_x\x64\release\displacestaticshadowmap_ds.cso
d:\myproject\directpro\dx11\c3dact115_effekseer_x\x64\release\displacestaticshadowmap_dsdepth.cso
d:\myproject\directpro\dx11\c3dact115_effekseer_x\x64\release\displacestaticshadowmap_hs.cso
d:\myproject\directpro\dx11\c3dact115_effekseer_x\x64\release\displacestaticshadowmap_ps.cso
d:\myproject\directpro\dx11\c3dact115_effekseer_x\x64\release\displacestaticshadowmap_psdepth.cso
d:\myproject\directpro\dx11\c3dact115_effekseer_x\x64\release\displacestaticshadowmap_vs.cso
d:\myproject\directpro\dx11\c3dact115_effekseer_x\x64\release\displacewave_ds.cso
d:\myproject\directpro\dx11\c3dact115_effekseer_x\x64\release\displacewave_hs.cso
d:\myproject\directpro\dx11\c3dact115_effekseer_x\x64\release\displacewave_ps.cso
d:\myproject\directpro\dx11\c3dact115_effekseer_x\x64\release\displacewave_vs.cso
d:\myproject\directpro\dx11\c3dact115_effekseer_x\x64\release\effect3d_gs_point.cso
d:\myproject\directpro\dx11\c3dact115_effekseer_x\x64\release\effect3d_ps.cso
d:\myproject\directpro\dx11\c3dact115_effekseer_x\x64\release\effect3d_vs_bill.cso
d:\myproject\directpro\dx11\c3dact115_effekseer_x\x64\release\effect3d_vs_billmesh.cso
d:\myproject\directpro\dx11\c3dact115_effekseer_x\x64\release\effect3d_vs_point.cso
d:\myproject\directpro\dx11\c3dact115_effekseer_x\x64\release\fbxskinshadowmap_ps.cso
d:\myproject\directpro\dx11\c3dact115_effekseer_x\x64\release\fbxskinshadowmap_psdepth.cso
d:\myproject\directpro\dx11\c3dact115_effekseer_x\x64\release\fbxskinshadowmap_vs.cso
d:\myproject\directpro\dx11\c3dact115_effekseer_x\x64\release\fbxskinshadowmap_vsdepth.cso
d:\myproject\directpro\dx11\c3dact115_effekseer_x\x64\release\fbxstaticshadowmap_ps.cso
d:\myproject\directpro\dx11\c3dact115_effekseer_x\x64\release\fbxstaticshadowmap_psdepth.cso
d:\myproject\directpro\dx11\c3dact115_effekseer_x\x64\release\fbxstaticshadowmap_vs.cso
d:\myproject\directpro\dx11\c3dact115_effekseer_x\x64\release\fbxstaticshadowmap_vsdepth.cso
d:\myproject\directpro\dx11\c3dact115_effekseer_x\x64\release\fluidrender_ps.cso
d:\myproject\directpro\dx11\c3dact115_effekseer_x\x64\release\fluidrender_vs.cso
d:\myproject\directpro\dx11\c3dact115_effekseer_x\x64\release\fluidsolver_addsource.cso
d:\myproject\directpro\dx11\c3dact115_effekseer_x\x64\release\fluidsolver_advectback.cso
d:\myproject\directpro\dx11\c3dact115_effekseer_x\x64\release\fluidsolver_advectdensity.cso
d:\myproject\directpro\dx11\c3dact115_effekseer_x\x64\release\fluidsolver_advectvelocity.cso
d:\myproject\directpro\dx11\c3dact115_effekseer_x\x64\release\fluidsolver_boundary1.cso
d:\myproject\directpro\dx11\c3dact115_effekseer_x\x64\release\fluidsolver_maccormack.cso
d:\myproject\directpro\dx11\c3dact115_effekseer_x\x64\release\fluidsolver_project1.cso
d:\myproject\directpro\dx11\c3dact115_effekseer_x\x64\release\fluidsolver_project2.cso
d:\myproject\directpro\dx11\c3dact115_effekseer_x\x64\release\fluidsolver_project3.cso
d:\myproject\directpro\dx11\c3dact115_effekseer_x\x64\release\fluidtexture_ps.cso
d:\myproject\directpro\dx11\c3dact115_effekseer_x\x64\release\fluidtexture_vs.cso
d:\myproject\directpro\dx11\c3dact115_effekseer_x\x64\release\hdr_ps.cso
d:\myproject\directpro\dx11\c3dact115_effekseer_x\x64\release\hdr_ps_bloom.cso
d:\myproject\directpro\dx11\c3dact115_effekseer_x\x64\release\hdr_ps_bright.cso
d:\myproject\directpro\dx11\c3dact115_effekseer_x\x64\release\hdr_vs.cso
d:\myproject\directpro\dx11\c3dact115_effekseer_x\x64\release\simple_ps.cso
d:\myproject\directpro\dx11\c3dact115_effekseer_x\x64\release\simple_vs.cso
d:\myproject\directpro\dx11\c3dact115_effekseer_x\x64\release\sprite3d_ps.cso
d:\myproject\directpro\dx11\c3dact115_effekseer_x\x64\release\sprite3d_vs.cso
d:\myproject\directpro\dx11\c3dact115_effekseer_x\x64\release\sprite3d_vs_bill.cso
d:\myproject\directpro\dx11\c3dact115_effekseer_x\x64\release\c3dact115.exe
d:\myproject\directpro\dx11\c3dact115_effekseer_x\x64\release\c3dact115.pdb
d:\myproject\directpro\dx11\c3dact115_effekseer_x\c3dact115\x64\release\main.res
d:\myproject\directpro\dx11\c3dact115_effekseer_x\c3dact115\x64\release\c3dact115.ipdb
d:\myproject\directpro\dx11\c3dact115_effekseer_x\c3dact115\x64\release\c3dact115.iobj
d:\myproject\directpro\dx11\c3dact115_effekseer\c3dact115\x64\release\animator.obj
d:\myproject\directpro\dx11\c3dact115_effekseer\c3dact115\x64\release\audiomanager.obj
d:\myproject\directpro\dx11\c3dact115_effekseer\c3dact115\x64\release\bbox.obj
d:\myproject\directpro\dx11\c3dact115_effekseer\c3dact115\x64\release\camera.obj
d:\myproject\directpro\dx11\c3dact115_effekseer\c3dact115\x64\release\changemapdraw.obj
d:\myproject\directpro\dx11\c3dact115_effekseer\c3dact115\x64\release\changemapscene.obj
d:\myproject\directpro\dx11\c3dact115_effekseer\c3dact115\x64\release\cleardraw.obj
d:\myproject\directpro\dx11\c3dact115_effekseer\c3dact115\x64\release\clearscene.obj
d:\myproject\directpro\dx11\c3dact115_effekseer\c3dact115\x64\release\collision.obj
d:\myproject\directpro\dx11\c3dact115_effekseer\c3dact115\x64\release\csvreader.obj
d:\myproject\directpro\dx11\c3dact115_effekseer\c3dact115\x64\release\datacarrier.obj
d:\myproject\directpro\dx11\c3dact115_effekseer\c3dact115\x64\release\dinput.obj
d:\myproject\directpro\dx11\c3dact115_effekseer\c3dact115\x64\release\direct3d.obj
d:\myproject\directpro\dx11\c3dact115_effekseer\c3dact115\x64\release\displace.obj
d:\myproject\directpro\dx11\c3dact115_effekseer\c3dact115\x64\release\displayinfo.obj
d:\myproject\directpro\dx11\c3dact115_effekseer\c3dact115\x64\release\dxeffekseer.obj
d:\myproject\directpro\dx11\c3dact115_effekseer\c3dact115\x64\release\dxeffekseerbase.obj
d:\myproject\directpro\dx11\c3dact115_effekseer\c3dact115\x64\release\dxeffekseereffect.obj
d:\myproject\directpro\dx11\c3dact115_effekseer\c3dact115\x64\release\dxeffekseermanager.obj
d:\myproject\directpro\dx11\c3dact115_effekseer\c3dact115\x64\release\effectbase.obj
d:\myproject\directpro\dx11\c3dact115_effekseer\c3dact115\x64\release\effectbillboard.obj
d:\myproject\directpro\dx11\c3dact115_effekseer\c3dact115\x64\release\effectbillfire.obj
d:\myproject\directpro\dx11\c3dact115_effekseer\c3dact115\x64\release\effectmanager.obj
d:\myproject\directpro\dx11\c3dact115_effekseer\c3dact115\x64\release\effectparticle.obj
d:\myproject\directpro\dx11\c3dact115_effekseer\c3dact115\x64\release\enemybase.obj
d:\myproject\directpro\dx11\c3dact115_effekseer\c3dact115\x64\release\enemygolem.obj
d:\myproject\directpro\dx11\c3dact115_effekseer\c3dact115\x64\release\enemylava.obj
d:\myproject\directpro\dx11\c3dact115_effekseer\c3dact115\x64\release\enemymanager.obj
d:\myproject\directpro\dx11\c3dact115_effekseer\c3dact115\x64\release\enemyrs.obj
d:\myproject\directpro\dx11\c3dact115_effekseer\c3dact115\x64\release\fbxmesh.obj
d:\myproject\directpro\dx11\c3dact115_effekseer\c3dact115\x64\release\fluid.obj
d:\myproject\directpro\dx11\c3dact115_effekseer\c3dact115\x64\release\fluidmanager.obj
d:\myproject\directpro\dx11\c3dact115_effekseer\c3dact115\x64\release\gamemain.obj
d:\myproject\directpro\dx11\c3dact115_effekseer\c3dact115\x64\release\hdrcontrol.obj
d:\myproject\directpro\dx11\c3dact115_effekseer\c3dact115\x64\release\hdrmanager.obj
d:\myproject\directpro\dx11\c3dact115_effekseer\c3dact115\x64\release\imgui.obj
d:\myproject\directpro\dx11\c3dact115_effekseer\c3dact115\x64\release\imgui_demo.obj
d:\myproject\directpro\dx11\c3dact115_effekseer\c3dact115\x64\release\imgui_draw.obj
d:\myproject\directpro\dx11\c3dact115_effekseer\c3dact115\x64\release\imgui_impl_dx11.obj
d:\myproject\directpro\dx11\c3dact115_effekseer\c3dact115\x64\release\imgui_impl_win32.obj
d:\myproject\directpro\dx11\c3dact115_effekseer\c3dact115\x64\release\imgui_widgets.obj
d:\myproject\directpro\dx11\c3dact115_effekseer\c3dact115\x64\release\itembase.obj
d:\myproject\directpro\dx11\c3dact115_effekseer\c3dact115\x64\release\itemchangemap.obj
d:\myproject\directpro\dx11\c3dact115_effekseer\c3dact115\x64\release\itemeffect.obj
d:\myproject\directpro\dx11\c3dact115_effekseer\c3dact115\x64\release\itemmanager.obj
d:\myproject\directpro\dx11\c3dact115_effekseer\c3dact115\x64\release\main.obj
d:\myproject\directpro\dx11\c3dact115_effekseer\c3dact115\x64\release\maincontrol.obj
d:\myproject\directpro\dx11\c3dact115_effekseer\c3dact115\x64\release\mapbase.obj
d:\myproject\directpro\dx11\c3dact115_effekseer\c3dact115\x64\release\mapfluid.obj
d:\myproject\directpro\dx11\c3dact115_effekseer\c3dact115\x64\release\mapmanager.obj
d:\myproject\directpro\dx11\c3dact115_effekseer\c3dact115\x64\release\mapmove.obj
d:\myproject\directpro\dx11\c3dact115_effekseer\c3dact115\x64\release\mapsky.obj
d:\myproject\directpro\dx11\c3dact115_effekseer\c3dact115\x64\release\mapstage.obj
d:\myproject\directpro\dx11\c3dact115_effekseer\c3dact115\x64\release\maptree.obj
d:\myproject\directpro\dx11\c3dact115_effekseer\c3dact115\x64\release\mapwave.obj
d:\myproject\directpro\dx11\c3dact115_effekseer\c3dact115\x64\release\meshcollider.obj
d:\myproject\directpro\dx11\c3dact115_effekseer\c3dact115\x64\release\myimgui.obj
d:\myproject\directpro\dx11\c3dact115_effekseer\c3dact115\x64\release\mymath.obj
d:\myproject\directpro\dx11\c3dact115_effekseer\c3dact115\x64\release\object3d.obj
d:\myproject\directpro\dx11\c3dact115_effekseer\c3dact115\x64\release\objectmanager.obj
d:\myproject\directpro\dx11\c3dact115_effekseer\c3dact115\x64\release\overdraw.obj
d:\myproject\directpro\dx11\c3dact115_effekseer\c3dact115\x64\release\overscene.obj
d:\myproject\directpro\dx11\c3dact115_effekseer\c3dact115\x64\release\player.obj
d:\myproject\directpro\dx11\c3dact115_effekseer\c3dact115\x64\release\playscene.obj
d:\myproject\directpro\dx11\c3dact115_effekseer\c3dact115\x64\release\resourcemanager.obj
d:\myproject\directpro\dx11\c3dact115_effekseer\c3dact115\x64\release\resultscore.obj
d:\myproject\directpro\dx11\c3dact115_effekseer\c3dact115\x64\release\scenebase.obj
d:\myproject\directpro\dx11\c3dact115_effekseer\c3dact115\x64\release\scenefactory.obj
d:\myproject\directpro\dx11\c3dact115_effekseer\c3dact115\x64\release\scenemanager.obj
d:\myproject\directpro\dx11\c3dact115_effekseer\c3dact115\x64\release\shader.obj
d:\myproject\directpro\dx11\c3dact115_effekseer\c3dact115\x64\release\shadowcontrol.obj
d:\myproject\directpro\dx11\c3dact115_effekseer\c3dact115\x64\release\sprite3d.obj
d:\myproject\directpro\dx11\c3dact115_effekseer\c3dact115\x64\release\textreader.obj
d:\myproject\directpro\dx11\c3dact115_effekseer\c3dact115\x64\release\titledraw.obj
d:\myproject\directpro\dx11\c3dact115_effekseer\c3dact115\x64\release\titlescene.obj
d:\myproject\directpro\dx11\c3dact115_effekseer\c3dact115\x64\release\weaponbase.obj
d:\myproject\directpro\dx11\c3dact115_effekseer\c3dact115\x64\release\weaponbullet.obj
d:\myproject\directpro\dx11\c3dact115_effekseer\c3dact115\x64\release\weaponfireball.obj
d:\myproject\directpro\dx11\c3dact115_effekseer\c3dact115\x64\release\weaponfireball2.obj
d:\myproject\directpro\dx11\c3dact115_effekseer\c3dact115\x64\release\weaponflamethrower.obj
d:\myproject\directpro\dx11\c3dact115_effekseer\c3dact115\x64\release\weapongun.obj
d:\myproject\directpro\dx11\c3dact115_effekseer\c3dact115\x64\release\weaponlaser.obj
d:\myproject\directpro\dx11\c3dact115_effekseer\c3dact115\x64\release\weaponmanager.obj
d:\myproject\directpro\dx11\c3dact115_effekseer\c3dact115\x64\release\weaponsword.obj
d:\myproject\directpro\dx11\c3dact115_effekseer\c3dact115\x64\release\xaudio.obj
d:\myproject\directpro\dx11\c3dact115_effekseer\c3dact115\x64\release\c3dact115.ipdb
d:\myproject\directpro\dx11\c3dact115_effekseer\c3dact115\x64\release\c3dact115.iobj
d:\myproject\directpro\dx11\c3dact115_effekseer\c3dact115\x64\release\main.res
d:\myproject\directpro\dx11\c3dact115_effekseer\c3dact115\x64\release\vc143.pdb
d:\myproject\directpro\dx11\c3dact115_effekseer\x64\release\c3dact115.pdb
d:\myproject\directpro\dx11\c3dact115_effekseer\x64\release\c3dact115.exe
d:\myproject\directpro\dx11\c3dact115_effekseer\c3dact115\x64\release\c3dact115.tlog\cl.command.1.tlog
d:\myproject\directpro\dx11\c3dact115_effekseer\c3dact115\x64\release\c3dact115.tlog\cl.items.tlog
d:\myproject\directpro\dx11\c3dact115_effekseer\c3dact115\x64\release\c3dact115.tlog\cl.read.1.tlog
d:\myproject\directpro\dx11\c3dact115_effekseer\c3dact115\x64\release\c3dact115.tlog\cl.write.1.tlog
d:\myproject\directpro\dx11\c3dact115_effekseer\c3dact115\x64\release\c3dact115.tlog\fxc.command.1.tlog
d:\myproject\directpro\dx11\c3dact115_effekseer\c3dact115\x64\release\c3dact115.tlog\fxc.read.1.tlog
d:\myproject\directpro\dx11\c3dact115_effekseer\c3dact115\x64\release\c3dact115.tlog\fxc.write.1.tlog
d:\myproject\directpro\dx11\c3dact115_effekseer\c3dact115\x64\release\c3dact115.tlog\link.command.1.tlog
d:\myproject\directpro\dx11\c3dact115_effekseer\c3dact115\x64\release\c3dact115.tlog\link.read.1.tlog
d:\myproject\directpro\dx11\c3dact115_effekseer\c3dact115\x64\release\c3dact115.tlog\link.secondary.1.tlog
d:\myproject\directpro\dx11\c3dact115_effekseer\c3dact115\x64\release\c3dact115.tlog\link.write.1.tlog
d:\myproject\directpro\dx11\c3dact115_effekseer\c3dact115\x64\release\c3dact115.tlog\rc.command.1.tlog
d:\myproject\directpro\dx11\c3dact115_effekseer\c3dact115\x64\release\c3dact115.tlog\rc.read.1.tlog
d:\myproject\directpro\dx11\c3dact115_effekseer\c3dact115\x64\release\c3dact115.tlog\rc.write.1.tlog
