d:\myproject\directpro\dx11\c3dact115_noneffek_ensyu\x64\debug\c3dact115.bsc
d:\myproject\directpro\dx11\c3dact115_noeffek_ensyu\x64\debug\c3dact115.bsc
d:\myproject\directpro\dx11\c3dact115_noeffek_ensyu\c3dact115\x64\debug\vc143.pdb
d:\myproject\directpro\dx11\c3dact115_noeffek_ensyu\c3dact115\x64\debug\vc143.idb
d:\myproject\directpro\dx11\c3dact115_noeffek_ensyu\c3dact115\x64\debug\imgui.sbr
d:\myproject\directpro\dx11\c3dact115_noeffek_ensyu\c3dact115\x64\debug\imgui_demo.sbr
d:\myproject\directpro\dx11\c3dact115_noeffek_ensyu\c3dact115\x64\debug\imgui_draw.sbr
d:\myproject\directpro\dx11\c3dact115_noeffek_ensyu\c3dact115\x64\debug\imgui_impl_dx11.sbr
d:\myproject\directpro\dx11\c3dact115_noeffek_ensyu\c3dact115\x64\debug\imgui_impl_win32.sbr
d:\myproject\directpro\dx11\c3dact115_noeffek_ensyu\c3dact115\x64\debug\imgui_widgets.sbr
d:\myproject\directpro\dx11\c3dact115_noeffek_ensyu\c3dact115\x64\debug\animator.sbr
d:\myproject\directpro\dx11\c3dact115_noeffek_ensyu\c3dact115\x64\debug\audiomanager.sbr
d:\myproject\directpro\dx11\c3dact115_noeffek_ensyu\c3dact115\x64\debug\bbox.sbr
d:\myproject\directpro\dx11\c3dact115_noeffek_ensyu\c3dact115\x64\debug\behaviouraction.sbr
d:\myproject\directpro\dx11\c3dact115_noeffek_ensyu\c3dact115\x64\debug\behaviourbase.sbr
d:\myproject\directpro\dx11\c3dact115_noeffek_ensyu\c3dact115\x64\debug\behaviourselector.sbr
d:\myproject\directpro\dx11\c3dact115_noeffek_ensyu\c3dact115\x64\debug\behavioursequence.sbr
d:\myproject\directpro\dx11\c3dact115_noeffek_ensyu\c3dact115\x64\debug\camera.sbr
d:\myproject\directpro\dx11\c3dact115_noeffek_ensyu\c3dact115\x64\debug\cleardraw.sbr
d:\myproject\directpro\dx11\c3dact115_noeffek_ensyu\c3dact115\x64\debug\collision.sbr
d:\myproject\directpro\dx11\c3dact115_noeffek_ensyu\c3dact115\x64\debug\csvreader.sbr
d:\myproject\directpro\dx11\c3dact115_noeffek_ensyu\c3dact115\x64\debug\datacarrier.sbr
d:\myproject\directpro\dx11\c3dact115_noeffek_ensyu\c3dact115\x64\debug\displayinfo.sbr
d:\myproject\directpro\dx11\c3dact115_noeffek_ensyu\c3dact115\x64\debug\effectbase.sbr
d:\myproject\directpro\dx11\c3dact115_noeffek_ensyu\c3dact115\x64\debug\effectbase.obj
d:\myproject\directpro\dx11\c3dact115_noeffek_ensyu\c3dact115\x64\debug\displayinfo.obj
d:\myproject\directpro\dx11\c3dact115_noeffek_ensyu\c3dact115\x64\debug\datacarrier.obj
d:\myproject\directpro\dx11\c3dact115_noeffek_ensyu\c3dact115\x64\debug\csvreader.obj
d:\myproject\directpro\dx11\c3dact115_noeffek_ensyu\c3dact115\x64\debug\collision.obj
d:\myproject\directpro\dx11\c3dact115_noeffek_ensyu\c3dact115\x64\debug\cleardraw.obj
d:\myproject\directpro\dx11\c3dact115_noeffek_ensyu\c3dact115\x64\debug\camera.obj
d:\myproject\directpro\dx11\c3dact115_noeffek_ensyu\c3dact115\x64\debug\behavioursequence.obj
d:\myproject\directpro\dx11\c3dact115_noeffek_ensyu\c3dact115\x64\debug\behaviourselector.obj
d:\myproject\directpro\dx11\c3dact115_noeffek_ensyu\c3dact115\x64\debug\behaviourbase.obj
d:\myproject\directpro\dx11\c3dact115_noeffek_ensyu\c3dact115\x64\debug\behaviouraction.obj
d:\myproject\directpro\dx11\c3dact115_noeffek_ensyu\c3dact115\x64\debug\bbox.obj
d:\myproject\directpro\dx11\c3dact115_noeffek_ensyu\c3dact115\x64\debug\audiomanager.obj
d:\myproject\directpro\dx11\c3dact115_noeffek_ensyu\c3dact115\x64\debug\animator.obj
d:\myproject\directpro\dx11\c3dact115_noeffek_ensyu\c3dact115\x64\debug\imgui_widgets.obj
d:\myproject\directpro\dx11\c3dact115_noeffek_ensyu\c3dact115\x64\debug\imgui_impl_win32.obj
d:\myproject\directpro\dx11\c3dact115_noeffek_ensyu\c3dact115\x64\debug\imgui_impl_dx11.obj
d:\myproject\directpro\dx11\c3dact115_noeffek_ensyu\c3dact115\x64\debug\imgui_draw.obj
d:\myproject\directpro\dx11\c3dact115_noeffek_ensyu\c3dact115\x64\debug\imgui_demo.obj
d:\myproject\directpro\dx11\c3dact115_noeffek_ensyu\c3dact115\x64\debug\imgui.obj
d:\myproject\directpro\dx11\c3dact115_noeffek_ensyu\c3dact115\x64\debug\effectbillfire.sbr
d:\myproject\directpro\dx11\c3dact115_noeffek_ensyu\c3dact115\x64\debug\effectmanager.sbr
d:\myproject\directpro\dx11\c3dact115_noeffek_ensyu\c3dact115\x64\debug\effectbillboard.sbr
d:\myproject\directpro\dx11\c3dact115_noeffek_ensyu\c3dact115\x64\debug\effectparticle.sbr
d:\myproject\directpro\dx11\c3dact115_noeffek_ensyu\c3dact115\x64\debug\enemybase.sbr
d:\myproject\directpro\dx11\c3dact115_noeffek_ensyu\c3dact115\x64\debug\enemybd.sbr
d:\myproject\directpro\dx11\c3dact115_noeffek_ensyu\c3dact115\x64\debug\enemygolem.sbr
d:\myproject\directpro\dx11\c3dact115_noeffek_ensyu\c3dact115\x64\debug\enemylava.sbr
d:\myproject\directpro\dx11\c3dact115_noeffek_ensyu\c3dact115\x64\debug\enemymanager.sbr
d:\myproject\directpro\dx11\c3dact115_noeffek_ensyu\c3dact115\x64\debug\dinput.sbr
d:\myproject\directpro\dx11\c3dact115_noeffek_ensyu\c3dact115\x64\debug\direct3d.sbr
d:\myproject\directpro\dx11\c3dact115_noeffek_ensyu\c3dact115\x64\debug\displace.sbr
d:\myproject\directpro\dx11\c3dact115_noeffek_ensyu\c3dact115\x64\debug\enemyrs.sbr
d:\myproject\directpro\dx11\c3dact115_noeffek_ensyu\c3dact115\x64\debug\fbxmesh.sbr
d:\myproject\directpro\dx11\c3dact115_noeffek_ensyu\c3dact115\x64\debug\fluid.sbr
d:\myproject\directpro\dx11\c3dact115_noeffek_ensyu\c3dact115\x64\debug\fluidmanager.sbr
d:\myproject\directpro\dx11\c3dact115_noeffek_ensyu\c3dact115\x64\debug\gamemain.sbr
d:\myproject\directpro\dx11\c3dact115_noeffek_ensyu\c3dact115\x64\debug\hdrmanager.sbr
d:\myproject\directpro\dx11\c3dact115_noeffek_ensyu\c3dact115\x64\debug\hdrcontrol.sbr
d:\myproject\directpro\dx11\c3dact115_noeffek_ensyu\c3dact115\x64\debug\eventbase.sbr
d:\myproject\directpro\dx11\c3dact115_noeffek_ensyu\c3dact115\x64\debug\eventbase.obj
d:\myproject\directpro\dx11\c3dact115_noeffek_ensyu\c3dact115\x64\debug\hdrcontrol.obj
d:\myproject\directpro\dx11\c3dact115_noeffek_ensyu\c3dact115\x64\debug\hdrmanager.obj
d:\myproject\directpro\dx11\c3dact115_noeffek_ensyu\c3dact115\x64\debug\gamemain.obj
d:\myproject\directpro\dx11\c3dact115_noeffek_ensyu\c3dact115\x64\debug\fluidmanager.obj
d:\myproject\directpro\dx11\c3dact115_noeffek_ensyu\c3dact115\x64\debug\fluid.obj
d:\myproject\directpro\dx11\c3dact115_noeffek_ensyu\c3dact115\x64\debug\fbxmesh.obj
d:\myproject\directpro\dx11\c3dact115_noeffek_ensyu\c3dact115\x64\debug\enemyrs.obj
d:\myproject\directpro\dx11\c3dact115_noeffek_ensyu\c3dact115\x64\debug\displace.obj
d:\myproject\directpro\dx11\c3dact115_noeffek_ensyu\c3dact115\x64\debug\direct3d.obj
d:\myproject\directpro\dx11\c3dact115_noeffek_ensyu\c3dact115\x64\debug\dinput.obj
d:\myproject\directpro\dx11\c3dact115_noeffek_ensyu\c3dact115\x64\debug\enemymanager.obj
d:\myproject\directpro\dx11\c3dact115_noeffek_ensyu\c3dact115\x64\debug\enemylava.obj
d:\myproject\directpro\dx11\c3dact115_noeffek_ensyu\c3dact115\x64\debug\enemygolem.obj
d:\myproject\directpro\dx11\c3dact115_noeffek_ensyu\c3dact115\x64\debug\enemybd.obj
d:\myproject\directpro\dx11\c3dact115_noeffek_ensyu\c3dact115\x64\debug\enemybase.obj
d:\myproject\directpro\dx11\c3dact115_noeffek_ensyu\c3dact115\x64\debug\effectparticle.obj
d:\myproject\directpro\dx11\c3dact115_noeffek_ensyu\c3dact115\x64\debug\effectbillboard.obj
d:\myproject\directpro\dx11\c3dact115_noeffek_ensyu\c3dact115\x64\debug\effectmanager.obj
d:\myproject\directpro\dx11\c3dact115_noeffek_ensyu\c3dact115\x64\debug\effectbillfire.obj
d:\myproject\directpro\dx11\c3dact115_noeffek_ensyu\c3dact115\x64\debug\eventchangescript.sbr
d:\myproject\directpro\dx11\c3dact115_noeffek_ensyu\c3dact115\x64\debug\eventmanager.sbr
d:\myproject\directpro\dx11\c3dact115_noeffek_ensyu\c3dact115\x64\debug\eventmovemap.sbr
d:\myproject\directpro\dx11\c3dact115_noeffek_ensyu\c3dact115\x64\debug\eventrescue.sbr
d:\myproject\directpro\dx11\c3dact115_noeffek_ensyu\c3dact115\x64\debug\item.sbr
d:\myproject\directpro\dx11\c3dact115_noeffek_ensyu\c3dact115\x64\debug\mapfluid.sbr
d:\myproject\directpro\dx11\c3dact115_noeffek_ensyu\c3dact115\x64\debug\mapmove.sbr
d:\myproject\directpro\dx11\c3dact115_noeffek_ensyu\c3dact115\x64\debug\mapsky.sbr
d:\myproject\directpro\dx11\c3dact115_noeffek_ensyu\c3dact115\x64\debug\mapstage.sbr
d:\myproject\directpro\dx11\c3dact115_noeffek_ensyu\c3dact115\x64\debug\main.sbr
d:\myproject\directpro\dx11\c3dact115_noeffek_ensyu\c3dact115\x64\debug\maincontrol.sbr
d:\myproject\directpro\dx11\c3dact115_noeffek_ensyu\c3dact115\x64\debug\mapbase.sbr
d:\myproject\directpro\dx11\c3dact115_noeffek_ensyu\c3dact115\x64\debug\mapmanager.sbr
d:\myproject\directpro\dx11\c3dact115_noeffek_ensyu\c3dact115\x64\debug\maptree.sbr
d:\myproject\directpro\dx11\c3dact115_noeffek_ensyu\c3dact115\x64\debug\mapwave.sbr
d:\myproject\directpro\dx11\c3dact115_noeffek_ensyu\c3dact115\x64\debug\meshcollider.sbr
d:\myproject\directpro\dx11\c3dact115_noeffek_ensyu\c3dact115\x64\debug\myimgui.sbr
d:\myproject\directpro\dx11\c3dact115_noeffek_ensyu\c3dact115\x64\debug\mymath.sbr
d:\myproject\directpro\dx11\c3dact115_noeffek_ensyu\c3dact115\x64\debug\object3d.sbr
d:\myproject\directpro\dx11\c3dact115_noeffek_ensyu\c3dact115\x64\debug\objectmanager.sbr
d:\myproject\directpro\dx11\c3dact115_noeffek_ensyu\c3dact115\x64\debug\objectmanager.obj
d:\myproject\directpro\dx11\c3dact115_noeffek_ensyu\c3dact115\x64\debug\object3d.obj
d:\myproject\directpro\dx11\c3dact115_noeffek_ensyu\c3dact115\x64\debug\mymath.obj
d:\myproject\directpro\dx11\c3dact115_noeffek_ensyu\c3dact115\x64\debug\myimgui.obj
d:\myproject\directpro\dx11\c3dact115_noeffek_ensyu\c3dact115\x64\debug\meshcollider.obj
d:\myproject\directpro\dx11\c3dact115_noeffek_ensyu\c3dact115\x64\debug\mapwave.obj
d:\myproject\directpro\dx11\c3dact115_noeffek_ensyu\c3dact115\x64\debug\maptree.obj
d:\myproject\directpro\dx11\c3dact115_noeffek_ensyu\c3dact115\x64\debug\mapmanager.obj
d:\myproject\directpro\dx11\c3dact115_noeffek_ensyu\c3dact115\x64\debug\mapbase.obj
d:\myproject\directpro\dx11\c3dact115_noeffek_ensyu\c3dact115\x64\debug\maincontrol.obj
d:\myproject\directpro\dx11\c3dact115_noeffek_ensyu\c3dact115\x64\debug\main.obj
d:\myproject\directpro\dx11\c3dact115_noeffek_ensyu\c3dact115\x64\debug\mapstage.obj
d:\myproject\directpro\dx11\c3dact115_noeffek_ensyu\c3dact115\x64\debug\mapsky.obj
d:\myproject\directpro\dx11\c3dact115_noeffek_ensyu\c3dact115\x64\debug\mapmove.obj
d:\myproject\directpro\dx11\c3dact115_noeffek_ensyu\c3dact115\x64\debug\mapfluid.obj
d:\myproject\directpro\dx11\c3dact115_noeffek_ensyu\c3dact115\x64\debug\item.obj
d:\myproject\directpro\dx11\c3dact115_noeffek_ensyu\c3dact115\x64\debug\eventrescue.obj
d:\myproject\directpro\dx11\c3dact115_noeffek_ensyu\c3dact115\x64\debug\eventmovemap.obj
d:\myproject\directpro\dx11\c3dact115_noeffek_ensyu\c3dact115\x64\debug\eventmanager.obj
d:\myproject\directpro\dx11\c3dact115_noeffek_ensyu\c3dact115\x64\debug\eventchangescript.obj
d:\myproject\directpro\dx11\c3dact115_noeffek_ensyu\c3dact115\x64\debug\overdraw.sbr
d:\myproject\directpro\dx11\c3dact115_noeffek_ensyu\c3dact115\x64\debug\overscene.sbr
d:\myproject\directpro\dx11\c3dact115_noeffek_ensyu\c3dact115\x64\debug\player.sbr
d:\myproject\directpro\dx11\c3dact115_noeffek_ensyu\c3dact115\x64\debug\playscene.sbr
d:\myproject\directpro\dx11\c3dact115_noeffek_ensyu\c3dact115\x64\debug\resourcemanager.sbr
d:\myproject\directpro\dx11\c3dact115_noeffek_ensyu\c3dact115\x64\debug\clearscene.sbr
d:\myproject\directpro\dx11\c3dact115_noeffek_ensyu\c3dact115\x64\debug\resultscore.sbr
d:\myproject\directpro\dx11\c3dact115_noeffek_ensyu\c3dact115\x64\debug\scenebase.sbr
d:\myproject\directpro\dx11\c3dact115_noeffek_ensyu\c3dact115\x64\debug\scenefactory.sbr
d:\myproject\directpro\dx11\c3dact115_noeffek_ensyu\c3dact115\x64\debug\scenemanager.sbr
d:\myproject\directpro\dx11\c3dact115_noeffek_ensyu\c3dact115\x64\debug\shader.sbr
d:\myproject\directpro\dx11\c3dact115_noeffek_ensyu\c3dact115\x64\debug\shadowcontrol.sbr
d:\myproject\directpro\dx11\c3dact115_noeffek_ensyu\c3dact115\x64\debug\sprite3d.sbr
d:\myproject\directpro\dx11\c3dact115_noeffek_ensyu\c3dact115\x64\debug\textreader.sbr
d:\myproject\directpro\dx11\c3dact115_noeffek_ensyu\c3dact115\x64\debug\titledraw.sbr
d:\myproject\directpro\dx11\c3dact115_noeffek_ensyu\c3dact115\x64\debug\titlescene.sbr
d:\myproject\directpro\dx11\c3dact115_noeffek_ensyu\c3dact115\x64\debug\weaponbase.sbr
d:\myproject\directpro\dx11\c3dact115_noeffek_ensyu\c3dact115\x64\debug\weaponfireball.sbr
d:\myproject\directpro\dx11\c3dact115_noeffek_ensyu\c3dact115\x64\debug\weaponfireball2.sbr
d:\myproject\directpro\dx11\c3dact115_noeffek_ensyu\c3dact115\x64\debug\weaponflamethrower.sbr
d:\myproject\directpro\dx11\c3dact115_noeffek_ensyu\c3dact115\x64\debug\weaponflamethrower.obj
d:\myproject\directpro\dx11\c3dact115_noeffek_ensyu\c3dact115\x64\debug\weaponfireball2.obj
d:\myproject\directpro\dx11\c3dact115_noeffek_ensyu\c3dact115\x64\debug\weaponfireball.obj
d:\myproject\directpro\dx11\c3dact115_noeffek_ensyu\c3dact115\x64\debug\weaponbase.obj
d:\myproject\directpro\dx11\c3dact115_noeffek_ensyu\c3dact115\x64\debug\titlescene.obj
d:\myproject\directpro\dx11\c3dact115_noeffek_ensyu\c3dact115\x64\debug\titledraw.obj
d:\myproject\directpro\dx11\c3dact115_noeffek_ensyu\c3dact115\x64\debug\textreader.obj
d:\myproject\directpro\dx11\c3dact115_noeffek_ensyu\c3dact115\x64\debug\sprite3d.obj
d:\myproject\directpro\dx11\c3dact115_noeffek_ensyu\c3dact115\x64\debug\shadowcontrol.obj
d:\myproject\directpro\dx11\c3dact115_noeffek_ensyu\c3dact115\x64\debug\shader.obj
d:\myproject\directpro\dx11\c3dact115_noeffek_ensyu\c3dact115\x64\debug\scenemanager.obj
d:\myproject\directpro\dx11\c3dact115_noeffek_ensyu\c3dact115\x64\debug\scenefactory.obj
d:\myproject\directpro\dx11\c3dact115_noeffek_ensyu\c3dact115\x64\debug\scenebase.obj
d:\myproject\directpro\dx11\c3dact115_noeffek_ensyu\c3dact115\x64\debug\resultscore.obj
d:\myproject\directpro\dx11\c3dact115_noeffek_ensyu\c3dact115\x64\debug\clearscene.obj
d:\myproject\directpro\dx11\c3dact115_noeffek_ensyu\c3dact115\x64\debug\resourcemanager.obj
d:\myproject\directpro\dx11\c3dact115_noeffek_ensyu\c3dact115\x64\debug\playscene.obj
d:\myproject\directpro\dx11\c3dact115_noeffek_ensyu\c3dact115\x64\debug\player.obj
d:\myproject\directpro\dx11\c3dact115_noeffek_ensyu\c3dact115\x64\debug\overscene.obj
d:\myproject\directpro\dx11\c3dact115_noeffek_ensyu\c3dact115\x64\debug\overdraw.obj
d:\myproject\directpro\dx11\c3dact115_noeffek_ensyu\c3dact115\x64\debug\weapongun.sbr
d:\myproject\directpro\dx11\c3dact115_noeffek_ensyu\c3dact115\x64\debug\weaponlaser.sbr
d:\myproject\directpro\dx11\c3dact115_noeffek_ensyu\c3dact115\x64\debug\weaponbullet.sbr
d:\myproject\directpro\dx11\c3dact115_noeffek_ensyu\c3dact115\x64\debug\weaponsword.sbr
d:\myproject\directpro\dx11\c3dact115_noeffek_ensyu\c3dact115\x64\debug\weaponmanager.sbr
d:\myproject\directpro\dx11\c3dact115_noeffek_ensyu\c3dact115\x64\debug\xaudio.sbr
d:\myproject\directpro\dx11\c3dact115_noeffek_ensyu\c3dact115\x64\debug\xaudio.obj
d:\myproject\directpro\dx11\c3dact115_noeffek_ensyu\c3dact115\x64\debug\weaponmanager.obj
d:\myproject\directpro\dx11\c3dact115_noeffek_ensyu\c3dact115\x64\debug\weaponsword.obj
d:\myproject\directpro\dx11\c3dact115_noeffek_ensyu\c3dact115\x64\debug\weaponbullet.obj
d:\myproject\directpro\dx11\c3dact115_noeffek_ensyu\c3dact115\x64\debug\weaponlaser.obj
d:\myproject\directpro\dx11\c3dact115_noeffek_ensyu\c3dact115\x64\debug\weapongun.obj
d:\myproject\directpro\dx11\c3dact115_noneffek_ensyu\x64\debug\displaceskinshadowmap_ds.cso
d:\myproject\directpro\dx11\c3dact115_noneffek_ensyu\x64\debug\displaceskinshadowmap_dsdepth.cso
d:\myproject\directpro\dx11\c3dact115_noneffek_ensyu\x64\debug\displaceskinshadowmap_hs.cso
d:\myproject\directpro\dx11\c3dact115_noneffek_ensyu\x64\debug\displaceskinshadowmap_ps.cso
d:\myproject\directpro\dx11\c3dact115_noneffek_ensyu\x64\debug\displaceskinshadowmap_psdepth.cso
d:\myproject\directpro\dx11\c3dact115_noneffek_ensyu\x64\debug\displaceskinshadowmap_vs.cso
d:\myproject\directpro\dx11\c3dact115_noneffek_ensyu\x64\debug\displacestaticshadowmap_ds.cso
d:\myproject\directpro\dx11\c3dact115_noneffek_ensyu\x64\debug\displacestaticshadowmap_dsdepth.cso
d:\myproject\directpro\dx11\c3dact115_noneffek_ensyu\x64\debug\displacestaticshadowmap_hs.cso
d:\myproject\directpro\dx11\c3dact115_noneffek_ensyu\x64\debug\displacestaticshadowmap_ps.cso
d:\myproject\directpro\dx11\c3dact115_noneffek_ensyu\x64\debug\displacestaticshadowmap_psdepth.cso
d:\myproject\directpro\dx11\c3dact115_noneffek_ensyu\x64\debug\displacestaticshadowmap_vs.cso
d:\myproject\directpro\dx11\c3dact115_noneffek_ensyu\x64\debug\displacewave_ds.cso
d:\myproject\directpro\dx11\c3dact115_noneffek_ensyu\x64\debug\displacewave_hs.cso
d:\myproject\directpro\dx11\c3dact115_noneffek_ensyu\x64\debug\displacewave_ps.cso
d:\myproject\directpro\dx11\c3dact115_noneffek_ensyu\x64\debug\displacewave_vs.cso
d:\myproject\directpro\dx11\c3dact115_noneffek_ensyu\x64\debug\effect3d_gs_point.cso
d:\myproject\directpro\dx11\c3dact115_noneffek_ensyu\x64\debug\effect3d_ps.cso
d:\myproject\directpro\dx11\c3dact115_noneffek_ensyu\x64\debug\effect3d_vs_bill.cso
d:\myproject\directpro\dx11\c3dact115_noneffek_ensyu\x64\debug\effect3d_vs_billmesh.cso
d:\myproject\directpro\dx11\c3dact115_noneffek_ensyu\x64\debug\effect3d_vs_point.cso
d:\myproject\directpro\dx11\c3dact115_noneffek_ensyu\x64\debug\fbxskinshadowmap_ps.cso
d:\myproject\directpro\dx11\c3dact115_noneffek_ensyu\x64\debug\fbxskinshadowmap_psdepth.cso
d:\myproject\directpro\dx11\c3dact115_noneffek_ensyu\x64\debug\fbxskinshadowmap_vs.cso
d:\myproject\directpro\dx11\c3dact115_noneffek_ensyu\x64\debug\fbxskinshadowmap_vsdepth.cso
d:\myproject\directpro\dx11\c3dact115_noneffek_ensyu\x64\debug\fbxstaticshadowmap_ps.cso
d:\myproject\directpro\dx11\c3dact115_noneffek_ensyu\x64\debug\fbxstaticshadowmap_psdepth.cso
d:\myproject\directpro\dx11\c3dact115_noneffek_ensyu\x64\debug\fbxstaticshadowmap_vs.cso
d:\myproject\directpro\dx11\c3dact115_noneffek_ensyu\x64\debug\fbxstaticshadowmap_vsdepth.cso
d:\myproject\directpro\dx11\c3dact115_noneffek_ensyu\x64\debug\fluidrender_ps.cso
d:\myproject\directpro\dx11\c3dact115_noneffek_ensyu\x64\debug\fluidrender_vs.cso
d:\myproject\directpro\dx11\c3dact115_noneffek_ensyu\x64\debug\fluidsolver_addsource.cso
d:\myproject\directpro\dx11\c3dact115_noneffek_ensyu\x64\debug\fluidsolver_advectback.cso
d:\myproject\directpro\dx11\c3dact115_noneffek_ensyu\x64\debug\fluidsolver_advectdensity.cso
d:\myproject\directpro\dx11\c3dact115_noneffek_ensyu\x64\debug\fluidsolver_advectvelocity.cso
d:\myproject\directpro\dx11\c3dact115_noneffek_ensyu\x64\debug\fluidsolver_boundary1.cso
d:\myproject\directpro\dx11\c3dact115_noneffek_ensyu\x64\debug\fluidsolver_maccormack.cso
d:\myproject\directpro\dx11\c3dact115_noneffek_ensyu\x64\debug\fluidsolver_project1.cso
d:\myproject\directpro\dx11\c3dact115_noneffek_ensyu\x64\debug\fluidsolver_project2.cso
d:\myproject\directpro\dx11\c3dact115_noneffek_ensyu\x64\debug\fluidsolver_project3.cso
d:\myproject\directpro\dx11\c3dact115_noneffek_ensyu\x64\debug\fluidtexture_ps.cso
d:\myproject\directpro\dx11\c3dact115_noneffek_ensyu\x64\debug\fluidtexture_vs.cso
d:\myproject\directpro\dx11\c3dact115_noneffek_ensyu\x64\debug\hdr_ps.cso
d:\myproject\directpro\dx11\c3dact115_noneffek_ensyu\x64\debug\hdr_ps_bloom.cso
d:\myproject\directpro\dx11\c3dact115_noneffek_ensyu\x64\debug\hdr_ps_bright.cso
d:\myproject\directpro\dx11\c3dact115_noneffek_ensyu\x64\debug\hdr_vs.cso
d:\myproject\directpro\dx11\c3dact115_noneffek_ensyu\x64\debug\simple_ps.cso
d:\myproject\directpro\dx11\c3dact115_noneffek_ensyu\x64\debug\simple_vs.cso
d:\myproject\directpro\dx11\c3dact115_noneffek_ensyu\x64\debug\sprite3d_ps.cso
d:\myproject\directpro\dx11\c3dact115_noneffek_ensyu\x64\debug\sprite3d_vs.cso
d:\myproject\directpro\dx11\c3dact115_noneffek_ensyu\x64\debug\sprite3d_vs_bill.cso
d:\myproject\directpro\dx11\c3dact115_noeffek_ensyu\x64\debug\displaceskinshadowmap_ds.cso
d:\myproject\directpro\dx11\c3dact115_noeffek_ensyu\x64\debug\displaceskinshadowmap_dsdepth.cso
d:\myproject\directpro\dx11\c3dact115_noeffek_ensyu\x64\debug\displaceskinshadowmap_hs.cso
d:\myproject\directpro\dx11\c3dact115_noeffek_ensyu\x64\debug\displaceskinshadowmap_ps.cso
d:\myproject\directpro\dx11\c3dact115_noeffek_ensyu\x64\debug\displaceskinshadowmap_psdepth.cso
d:\myproject\directpro\dx11\c3dact115_noeffek_ensyu\x64\debug\displaceskinshadowmap_vs.cso
d:\myproject\directpro\dx11\c3dact115_noeffek_ensyu\x64\debug\displacestaticshadowmap_ds.cso
d:\myproject\directpro\dx11\c3dact115_noeffek_ensyu\x64\debug\displacestaticshadowmap_dsdepth.cso
d:\myproject\directpro\dx11\c3dact115_noeffek_ensyu\x64\debug\displacestaticshadowmap_hs.cso
d:\myproject\directpro\dx11\c3dact115_noeffek_ensyu\x64\debug\displacestaticshadowmap_ps.cso
d:\myproject\directpro\dx11\c3dact115_noeffek_ensyu\x64\debug\displacestaticshadowmap_psdepth.cso
d:\myproject\directpro\dx11\c3dact115_noeffek_ensyu\x64\debug\displacestaticshadowmap_vs.cso
d:\myproject\directpro\dx11\c3dact115_noeffek_ensyu\x64\debug\displacewave_ds.cso
d:\myproject\directpro\dx11\c3dact115_noeffek_ensyu\x64\debug\displacewave_hs.cso
d:\myproject\directpro\dx11\c3dact115_noeffek_ensyu\x64\debug\displacewave_ps.cso
d:\myproject\directpro\dx11\c3dact115_noeffek_ensyu\x64\debug\displacewave_vs.cso
d:\myproject\directpro\dx11\c3dact115_noeffek_ensyu\x64\debug\effect3d_gs_point.cso
d:\myproject\directpro\dx11\c3dact115_noeffek_ensyu\x64\debug\effect3d_ps.cso
d:\myproject\directpro\dx11\c3dact115_noeffek_ensyu\x64\debug\effect3d_vs_bill.cso
d:\myproject\directpro\dx11\c3dact115_noeffek_ensyu\x64\debug\effect3d_vs_billmesh.cso
d:\myproject\directpro\dx11\c3dact115_noeffek_ensyu\x64\debug\effect3d_vs_point.cso
d:\myproject\directpro\dx11\c3dact115_noeffek_ensyu\x64\debug\fbxskinshadowmap_ps.cso
d:\myproject\directpro\dx11\c3dact115_noeffek_ensyu\x64\debug\fbxskinshadowmap_psdepth.cso
d:\myproject\directpro\dx11\c3dact115_noeffek_ensyu\x64\debug\fbxskinshadowmap_vs.cso
d:\myproject\directpro\dx11\c3dact115_noeffek_ensyu\x64\debug\fbxskinshadowmap_vsdepth.cso
d:\myproject\directpro\dx11\c3dact115_noeffek_ensyu\x64\debug\fbxstaticshadowmap_ps.cso
d:\myproject\directpro\dx11\c3dact115_noeffek_ensyu\x64\debug\fbxstaticshadowmap_psdepth.cso
d:\myproject\directpro\dx11\c3dact115_noeffek_ensyu\x64\debug\fbxstaticshadowmap_vs.cso
d:\myproject\directpro\dx11\c3dact115_noeffek_ensyu\x64\debug\fbxstaticshadowmap_vsdepth.cso
d:\myproject\directpro\dx11\c3dact115_noeffek_ensyu\x64\debug\fluidrender_ps.cso
d:\myproject\directpro\dx11\c3dact115_noeffek_ensyu\x64\debug\fluidrender_vs.cso
d:\myproject\directpro\dx11\c3dact115_noeffek_ensyu\x64\debug\fluidsolver_addsource.cso
d:\myproject\directpro\dx11\c3dact115_noeffek_ensyu\x64\debug\fluidsolver_advectback.cso
d:\myproject\directpro\dx11\c3dact115_noeffek_ensyu\x64\debug\fluidsolver_advectdensity.cso
d:\myproject\directpro\dx11\c3dact115_noeffek_ensyu\x64\debug\fluidsolver_advectvelocity.cso
d:\myproject\directpro\dx11\c3dact115_noeffek_ensyu\x64\debug\fluidsolver_boundary1.cso
d:\myproject\directpro\dx11\c3dact115_noeffek_ensyu\x64\debug\fluidsolver_maccormack.cso
d:\myproject\directpro\dx11\c3dact115_noeffek_ensyu\x64\debug\fluidsolver_project1.cso
d:\myproject\directpro\dx11\c3dact115_noeffek_ensyu\x64\debug\fluidsolver_project2.cso
d:\myproject\directpro\dx11\c3dact115_noeffek_ensyu\x64\debug\fluidsolver_project3.cso
d:\myproject\directpro\dx11\c3dact115_noeffek_ensyu\x64\debug\fluidtexture_ps.cso
d:\myproject\directpro\dx11\c3dact115_noeffek_ensyu\x64\debug\fluidtexture_vs.cso
d:\myproject\directpro\dx11\c3dact115_noeffek_ensyu\x64\debug\hdr_ps.cso
d:\myproject\directpro\dx11\c3dact115_noeffek_ensyu\x64\debug\hdr_ps_bloom.cso
d:\myproject\directpro\dx11\c3dact115_noeffek_ensyu\x64\debug\hdr_ps_bright.cso
d:\myproject\directpro\dx11\c3dact115_noeffek_ensyu\x64\debug\hdr_vs.cso
d:\myproject\directpro\dx11\c3dact115_noeffek_ensyu\x64\debug\simple_ps.cso
d:\myproject\directpro\dx11\c3dact115_noeffek_ensyu\x64\debug\simple_vs.cso
d:\myproject\directpro\dx11\c3dact115_noeffek_ensyu\x64\debug\sprite3d_ps.cso
d:\myproject\directpro\dx11\c3dact115_noeffek_ensyu\x64\debug\sprite3d_vs.cso
d:\myproject\directpro\dx11\c3dact115_noeffek_ensyu\x64\debug\sprite3d_vs_bill.cso
d:\myproject\directpro\dx11\c3dact115_noneffek_ensyu\x64\debug\c3dact115.exe
d:\myproject\directpro\dx11\c3dact115_noneffek_ensyu\x64\debug\c3dact115.pdb
d:\myproject\directpro\dx11\c3dact115_noeffek_ensyu\x64\debug\c3dact115.exe
d:\myproject\directpro\dx11\c3dact115_noeffek_ensyu\x64\debug\c3dact115.pdb
d:\myproject\directpro\dx11\c3dact115_noneffek_ensyu\c3dact115\x64\debug\main.res
d:\myproject\directpro\dx11\c3dact115_noeffek_ensyu\c3dact115\x64\debug\main.res
d:\myproject\directpro\dx11\c3dact115_noeffek_ensyu\c3dact115\x64\debug\c3dact115.ilk
d:\myproject\directpro\dx11\c3dact115_noeffek_ensyu\c3dact115\x64\debug\c3dact115.tlog\bscmake.command.1.tlog
d:\myproject\directpro\dx11\c3dact115_noeffek_ensyu\c3dact115\x64\debug\c3dact115.tlog\bscmake.read.1.tlog
d:\myproject\directpro\dx11\c3dact115_noeffek_ensyu\c3dact115\x64\debug\c3dact115.tlog\bscmake.write.1.tlog
d:\myproject\directpro\dx11\c3dact115_noeffek_ensyu\c3dact115\x64\debug\c3dact115.tlog\cl.command.1.tlog
d:\myproject\directpro\dx11\c3dact115_noeffek_ensyu\c3dact115\x64\debug\c3dact115.tlog\cl.items.tlog
d:\myproject\directpro\dx11\c3dact115_noeffek_ensyu\c3dact115\x64\debug\c3dact115.tlog\cl.read.1.tlog
d:\myproject\directpro\dx11\c3dact115_noeffek_ensyu\c3dact115\x64\debug\c3dact115.tlog\cl.write.1.tlog
d:\myproject\directpro\dx11\c3dact115_noeffek_ensyu\c3dact115\x64\debug\c3dact115.tlog\fxc.command.1.tlog
d:\myproject\directpro\dx11\c3dact115_noeffek_ensyu\c3dact115\x64\debug\c3dact115.tlog\fxc.read.1.tlog
d:\myproject\directpro\dx11\c3dact115_noeffek_ensyu\c3dact115\x64\debug\c3dact115.tlog\fxc.write.1.tlog
d:\myproject\directpro\dx11\c3dact115_noeffek_ensyu\c3dact115\x64\debug\c3dact115.tlog\link.command.1.tlog
d:\myproject\directpro\dx11\c3dact115_noeffek_ensyu\c3dact115\x64\debug\c3dact115.tlog\link.read.1.tlog
d:\myproject\directpro\dx11\c3dact115_noeffek_ensyu\c3dact115\x64\debug\c3dact115.tlog\link.secondary.1.tlog
d:\myproject\directpro\dx11\c3dact115_noeffek_ensyu\c3dact115\x64\debug\c3dact115.tlog\link.write.1.tlog
d:\myproject\directpro\dx11\c3dact115_noeffek_ensyu\c3dact115\x64\debug\c3dact115.tlog\rc.command.1.tlog
d:\myproject\directpro\dx11\c3dact115_noeffek_ensyu\c3dact115\x64\debug\c3dact115.tlog\rc.read.1.tlog
d:\myproject\directpro\dx11\c3dact115_noeffek_ensyu\c3dact115\x64\debug\c3dact115.tlog\rc.write.1.tlog
